{
  "stats": {
    "suites": 2,
    "tests": 4,
    "passes": 2,
    "pending": 0,
    "failures": 2,
    "start": "2023-02-07T08:22:22.430Z",
    "end": "2023-02-07T08:22:40.811Z",
    "duration": 10501,
    "testsRegistered": 4,
    "passPercent": 50,
    "pendingPercent": 0,
    "other": 0,
    "hasOther": false,
    "skipped": 0,
    "hasSkipped": false
  },
  "results": [
    {
      "uuid": "3996d1ca-51bd-48f5-abbc-6f4e1889f501",
      "title": "",
      "fullFile": "cypress/e2e/invoke.cy.js",
      "file": "cypress/e2e/invoke.cy.js",
      "beforeHooks": [],
      "afterHooks": [],
      "tests": [],
      "suites": [
        {
          "uuid": "9acc8720-c926-438d-b8a1-6454870acf66",
          "title": "E2E - Invoke",
          "fullFile": "",
          "file": "",
          "beforeHooks": [],
          "afterHooks": [],
          "tests": [
            {
              "title": "Should open home page - automationpractice.com",
              "fullTitle": "E2E - Invoke Should open home page - automationpractice.com",
              "timedOut": null,
              "duration": 1016,
              "state": "passed",
              "speed": "fast",
              "pass": true,
              "fail": false,
              "pending": false,
              "context": null,
              "code": "cy.visit('/');",
              "err": {},
              "uuid": "51be114f-725e-4c44-b8d5-5baca02146bd",
              "parentUUID": "9acc8720-c926-438d-b8a1-6454870acf66",
              "isHook": false,
              "skipped": false
            },
            {
              "title": "Should get info from element",
              "fullTitle": "E2E - Invoke Should get info from element",
              "timedOut": null,
              "duration": 4241,
              "state": "failed",
              "speed": null,
              "pass": false,
              "fail": true,
              "pending": false,
              "context": null,
              "code": "// pobieranie wartości z danego elementu (tekst)\ncy.get('[title=\"Contact us\"]').invoke('text').then(foundText => {\n  cy.log(foundText);\n});\n//pobieranie wartości z atrybutu danego elementu\ncy.get('[title=\"Contact us\"]').invoke('attr', 'href').then(foundLink => {\n  cy.log(foundLink);\n});\ncy.get('[title=\"Contact us\"]').invoke('attr', 'title').then(foundTitle => {\n  cy.log(foundTitle);\n});\n// pobieranie wartośći value (tekst wprowadzony w inputa)\ncy.get('#search_query_top').type('some text').invoke('prop', 'value').then(foundValue => {\n  cy.log(foundValue);\n});",
              "err": {
                "message": "AssertionError: Timed out retrying after 4000ms: Expected to find element: `[title=\"Contact us\"]`, but never found it.",
                "estack": "AssertionError: Timed out retrying after 4000ms: Expected to find element: `[title=\"Contact us\"]`, but never found it.\n    at Context.eval (webpack:///./cypress/e2e/invoke.cy.js:9:11)",
                "diff": null
              },
              "uuid": "dfe3130d-d37b-4cdc-97a6-ed6f8690c9b4",
              "parentUUID": "9acc8720-c926-438d-b8a1-6454870acf66",
              "isHook": false,
              "skipped": false
            }
          ],
          "suites": [],
          "passes": [
            "51be114f-725e-4c44-b8d5-5baca02146bd"
          ],
          "failures": [
            "dfe3130d-d37b-4cdc-97a6-ed6f8690c9b4"
          ],
          "pending": [],
          "skipped": [],
          "duration": 5257,
          "root": false,
          "rootEmpty": false,
          "_timeout": 2000
        }
      ],
      "passes": [],
      "failures": [],
      "pending": [],
      "skipped": [],
      "duration": 0,
      "root": true,
      "rootEmpty": true,
      "_timeout": 2000
    },
    {
      "uuid": "af8a1233-6fef-407f-909f-124828cd59b3",
      "title": "",
      "fullFile": "cypress/e2e/invoke.cy.js",
      "file": "cypress/e2e/invoke.cy.js",
      "beforeHooks": [],
      "afterHooks": [],
      "tests": [],
      "suites": [
        {
          "uuid": "2a4c7229-563e-493c-92b4-0844e2c1f812",
          "title": "E2E - Invoke",
          "fullFile": "",
          "file": "",
          "beforeHooks": [],
          "afterHooks": [],
          "tests": [
            {
              "title": "Should open home page - automationpractice.com",
              "fullTitle": "E2E - Invoke Should open home page - automationpractice.com",
              "timedOut": null,
              "duration": 979,
              "state": "passed",
              "speed": "fast",
              "pass": true,
              "fail": false,
              "pending": false,
              "context": null,
              "code": "cy.visit('/');",
              "err": {},
              "uuid": "20df511a-2ac2-489e-b881-36f993e56758",
              "parentUUID": "2a4c7229-563e-493c-92b4-0844e2c1f812",
              "isHook": false,
              "skipped": false
            },
            {
              "title": "Should get info from element",
              "fullTitle": "E2E - Invoke Should get info from element",
              "timedOut": null,
              "duration": 4265,
              "state": "failed",
              "speed": null,
              "pass": false,
              "fail": true,
              "pending": false,
              "context": null,
              "code": "// pobieranie wartości z danego elementu (tekst)\ncy.get('[title=\"Contact us\"]').invoke('text').then(foundText => {\n  cy.log(foundText);\n});\n//pobieranie wartości z atrybutu danego elementu\ncy.get('[title=\"Contact us\"]').invoke('attr', 'href').then(foundLink => {\n  cy.log(foundLink);\n});\ncy.get('[title=\"Contact us\"]').invoke('attr', 'title').then(foundTitle => {\n  cy.log(foundTitle);\n});\n// pobieranie wartośći value (tekst wprowadzony w inputa)\ncy.get('#search_query_top').type('some text').invoke('prop', 'value').then(foundValue => {\n  cy.log(foundValue);\n});",
              "err": {
                "message": "AssertionError: Timed out retrying after 4000ms: Expected to find element: `[title=\"Contact us\"]`, but never found it.",
                "estack": "AssertionError: Timed out retrying after 4000ms: Expected to find element: `[title=\"Contact us\"]`, but never found it.\n    at Context.eval (webpack:///./cypress/e2e/invoke.cy.js:9:11)",
                "diff": null
              },
              "uuid": "f4057431-6515-47b2-bc2e-16dcbe0930ac",
              "parentUUID": "2a4c7229-563e-493c-92b4-0844e2c1f812",
              "isHook": false,
              "skipped": false
            }
          ],
          "suites": [],
          "passes": [
            "20df511a-2ac2-489e-b881-36f993e56758"
          ],
          "failures": [
            "f4057431-6515-47b2-bc2e-16dcbe0930ac"
          ],
          "pending": [],
          "skipped": [],
          "duration": 5244,
          "root": false,
          "rootEmpty": false,
          "_timeout": 2000
        }
      ],
      "passes": [],
      "failures": [],
      "pending": [],
      "skipped": [],
      "duration": 0,
      "root": true,
      "rootEmpty": true,
      "_timeout": 2000
    }
  ],
  "meta": {
    "mocha": {
      "version": "7.0.1"
    },
    "mochawesome": {
      "options": {
        "quiet": false,
        "reportFilename": "mochawesome",
        "saveHtml": false,
        "saveJson": true,
        "consoleReporter": "spec",
        "useInlineDiffs": false,
        "code": true
      },
      "version": "7.1.3"
    },
    "marge": {
      "options": {
        "id": "default",
        "reportDir": "cypress/results/mochawesome",
        "overwrite": false,
        "html": false,
        "json": true
      },
      "version": "6.2.0"
    }
  }
}