{
  "stats": {
    "suites": 1,
    "tests": 2,
    "passes": 1,
    "pending": 0,
    "failures": 1,
    "start": "2023-02-07T08:28:53.901Z",
    "end": "2023-02-07T08:28:59.105Z",
    "duration": 5204,
    "testsRegistered": 2,
    "passPercent": 50,
    "pendingPercent": 0,
    "other": 0,
    "hasOther": false,
    "skipped": 0,
    "hasSkipped": false
  },
  "results": [
    {
      "uuid": "9d2ed879-c9f2-4477-a4ee-f62efd5558fe",
      "title": "",
      "fullFile": "cypress/e2e/invoke.cy.js",
      "file": "cypress/e2e/invoke.cy.js",
      "beforeHooks": [],
      "afterHooks": [],
      "tests": [],
      "suites": [
        {
          "uuid": "36b21c3b-0f95-4195-be63-20606311234e",
          "title": "E2E - Invoke",
          "fullFile": "",
          "file": "",
          "beforeHooks": [],
          "afterHooks": [],
          "tests": [
            {
              "title": "Should open home page - automationpractice.com",
              "fullTitle": "E2E - Invoke Should open home page - automationpractice.com",
              "timedOut": null,
              "duration": 938,
              "state": "passed",
              "speed": "fast",
              "pass": true,
              "fail": false,
              "pending": false,
              "context": null,
              "code": "cy.visit('/');",
              "err": {},
              "uuid": "3e9e474b-685f-424b-8389-a95085f6829d",
              "parentUUID": "36b21c3b-0f95-4195-be63-20606311234e",
              "isHook": false,
              "skipped": false
            },
            {
              "title": "Should get info from element",
              "fullTitle": "E2E - Invoke Should get info from element",
              "timedOut": null,
              "duration": 4231,
              "state": "failed",
              "speed": null,
              "pass": false,
              "fail": true,
              "pending": false,
              "context": null,
              "code": "// pobieranie wartości z danego elementu (tekst)\ncy.get('[title=\"Contact us\"]').invoke('text').then(foundText => {\n  cy.log(foundText);\n});\n//pobieranie wartości z atrybutu danego elementu\ncy.get('[title=\"Contact us\"]').invoke('attr', 'href').then(foundLink => {\n  cy.log(foundLink);\n});\ncy.get('[title=\"Contact us\"]').invoke('attr', 'title').then(foundTitle => {\n  cy.log(foundTitle);\n});\n// pobieranie wartośći value (tekst wprowadzony w inputa)\ncy.get('#search_query_top').type('some text').invoke('prop', 'value').then(foundValue => {\n  cy.log(foundValue);\n});",
              "err": {
                "message": "AssertionError: Timed out retrying after 4000ms: Expected to find element: `[title=\"Contact us\"]`, but never found it.",
                "estack": "AssertionError: Timed out retrying after 4000ms: Expected to find element: `[title=\"Contact us\"]`, but never found it.\n    at Context.eval (webpack:///./cypress/e2e/invoke.cy.js:9:11)",
                "diff": null
              },
              "uuid": "b5628c3d-ff89-4826-9c74-e4b5ad64d38d",
              "parentUUID": "36b21c3b-0f95-4195-be63-20606311234e",
              "isHook": false,
              "skipped": false
            }
          ],
          "suites": [],
          "passes": [
            "3e9e474b-685f-424b-8389-a95085f6829d"
          ],
          "failures": [
            "b5628c3d-ff89-4826-9c74-e4b5ad64d38d"
          ],
          "pending": [],
          "skipped": [],
          "duration": 5169,
          "root": false,
          "rootEmpty": false,
          "_timeout": 2000
        }
      ],
      "passes": [],
      "failures": [],
      "pending": [],
      "skipped": [],
      "duration": 0,
      "root": true,
      "rootEmpty": true,
      "_timeout": 2000
    }
  ],
  "meta": {
    "mocha": {
      "version": "7.0.1"
    },
    "mochawesome": {
      "options": {
        "quiet": false,
        "reportFilename": "mochawesome",
        "saveHtml": false,
        "saveJson": true,
        "consoleReporter": "spec",
        "useInlineDiffs": false,
        "code": true
      },
      "version": "7.1.3"
    },
    "marge": {
      "options": {
        "id": "default",
        "reportDir": "cypress/results/mochawesome",
        "overwrite": false,
        "html": false,
        "json": true
      },
      "version": "6.2.0"
    }
  }
}